# JRE version: Java(TM) SE Runtime Environment (20.0.2+9) (build 20.0.2+9-78)
# Java VM: Java HotSpot(TM) 64-Bit Server VM (20.0.2+9-78, mixed mode, sharing, tiered, compressed oops, compressed class ptrs, g1 gc, windows-amd64)
GC Precious Log:
 CardTable entry size: 512
 Card Set container configuration: InlinePtr #cards 4 size 8 Array Of Cards #cards 16 size 48 Howl #buckets 8 coarsen threshold 3686 Howl Bitmap #cards 512 size 80 coarsen threshold 460 Card regions per heap region 1 cards per card region 4096
 CPUs: 8 total, 8 available
 Memory: 12119M
 Large Page Support: Disabled
 NUMA Support: Disabled
 Compressed Oops: Enabled (Zero based)
 Heap Region Size: 2M
 Heap Min Capacity: 8M
 Heap Initial Capacity: 190M
 Heap Max Capacity: 3030M
 Pre-touch: Disabled
 Parallel Workers: 8
 Concurrent Workers: 2
 Concurrent Refinement Workers: 8
 Periodic GC: Disabled
Heap:
 garbage-first heap   total 194560K, used 40763K [0x0000000742a00000, 0x0000000800000000)
  region size 2048K, 18 young (36864K), 2 survivors (4096K)
 Metaspace       used 15941K, committed 16192K, reserved 1114112K
  class space    used 1762K, committed 1920K, reserved 1048576K
GC Heap History (10 events):
Event: 2.374 GC heap before
{Heap before GC invocations=0 (full 0):
 garbage-first heap   total 194560K, used 24576K [0x0000000742a00000, 0x0000000800000000)
  region size 2048K, 11 young (22528K), 0 survivors (0K)
 Metaspace       used 11308K, committed 11520K, reserved 1114112K
  class space    used 1248K, committed 1344K, reserved 1048576K
}
Event: 2.381 GC heap after
{Heap after GC invocations=1 (full 0):
 garbage-first heap   total 194560K, used 7810K [0x0000000742a00000, 0x0000000800000000)
  region size 2048K, 2 young (4096K), 2 survivors (4096K)
 Metaspace       used 11308K, committed 11520K, reserved 1114112K
  class space    used 1248K, committed 1344K, reserved 1048576K
}
Event: 3.079 GC heap before
{Heap before GC invocations=1 (full 0):
 garbage-first heap   total 194560K, used 38530K [0x0000000742a00000, 0x0000000800000000)
  region size 2048K, 18 young (36864K), 2 survivors (4096K)
 Metaspace       used 11766K, committed 12032K, reserved 1114112K
  class space    used 1256K, committed 1344K, reserved 1048576K
}
Event: 3.084 GC heap after
{Heap after GC invocations=2 (full 0):
 garbage-first heap   total 194560K, used 8367K [0x0000000742a00000, 0x0000000800000000)
  region size 2048K, 1 young (2048K), 1 survivors (2048K)
 Metaspace       used 11766K, committed 12032K, reserved 1114112K
  class space    used 1256K, committed 1344K, reserved 1048576K
}
Event: 5.467 GC heap before
{Heap before GC invocations=2 (full 0):
 garbage-first heap   total 194560K, used 121007K [0x0000000742a00000, 0x0000000800000000)
  region size 2048K, 57 young (116736K), 1 survivors (2048K)
 Metaspace       used 15757K, committed 16000K, reserved 1114112K
  class space    used 1751K, committed 1856K, reserved 1048576K
}
Event: 5.470 GC heap after
{Heap after GC invocations=3 (full 0):
 garbage-first heap   total 194560K, used 9862K [0x0000000742a00000, 0x0000000800000000)
  region size 2048K, 2 young (4096K), 2 survivors (4096K)
 Metaspace       used 15757K, committed 16000K, reserved 1114112K
  class space    used 1751K, committed 1856K, reserved 1048576K
}
Event: 6.915 GC heap before
{Heap before GC invocations=3 (full 0):
 garbage-first heap   total 194560K, used 122502K [0x0000000742a00000, 0x0000000800000000)
  region size 2048K, 57 young (116736K), 2 survivors (4096K)
 Metaspace       used 15837K, committed 16064K, reserved 1114112K
  class space    used 1751K, committed 1856K, reserved 1048576K
}
Event: 6.917 GC heap after
{Heap after GC invocations=4 (full 0):
 garbage-first heap   total 194560K, used 9831K [0x0000000742a00000, 0x0000000800000000)
  region size 2048K, 2 young (4096K), 2 survivors (4096K)
 Metaspace       used 15837K, committed 16064K, reserved 1114112K
  class space    used 1751K, committed 1856K, reserved 1048576K
}
Event: 8.222 GC heap before
{Heap before GC invocations=4 (full 0):
 garbage-first heap   total 194560K, used 122471K [0x0000000742a00000, 0x0000000800000000)
  region size 2048K, 57 young (116736K), 2 survivors (4096K)
 Metaspace       used 15926K, committed 16192K, reserved 1114112K
  class space    used 1762K, committed 1920K, reserved 1048576K
}
Event: 8.225 GC heap after
{Heap after GC invocations=5 (full 0):
 garbage-first heap   total 194560K, used 10043K [0x0000000742a00000, 0x0000000800000000)
  region size 2048K, 2 young (4096K), 2 survivors (4096K)
 Metaspace       used 15926K, committed 16192K, reserved 1114112K
  class space    used 1762K, committed 1920K, reserved 1048576K
}

